2026-01-04 23:57:25,690 - VoidLogger - INFO - [163971:139828995776576] - ===== Void 服务 已启动 =====
2026-01-04 23:57:25,690 - VoidLogger - INFO - [163971:139828995776576] - 模式: 【自动清理】
2026-01-04 23:57:25,690 - VoidLogger - INFO - [163971:139828995776576] - 周期: 每 60 分钟执行一次
2026-01-04 23:57:25,692 - VoidLogger - INFO - [163971:139828995776576] - --- 正在扫描服务: Local-Upload ---
2026-01-04 23:57:25,692 - VoidLogger - INFO - [163971:139828995776576] - [扫描开始] 服务: Local-Upload (qbittorrent)
2026-01-04 23:57:25,878 - VoidLogger - INFO - [163971:139828995776576] - [扫描] Local-Upload 目录整洁
2026-01-04 23:58:20,220 - VoidLogger - INFO - [163971:139828995776576] - --- 收到信号 2, 正在安全退出... ---
2026-01-04 23:58:20,221 - VoidLogger - INFO - [163971:139828995776576] - ===== 程序已安全停止 =====
2026-01-04 23:59:08,615 - VoidLogger - INFO - [164184:140394136547392] - ===== Void 服务 已启动 =====
2026-01-04 23:59:08,616 - VoidLogger - INFO - [164184:140394136547392] - 模式: 【自动清理】
2026-01-04 23:59:08,616 - VoidLogger - INFO - [164184:140394136547392] - 周期: 每 60 分钟执行一次
2026-01-04 23:59:08,617 - VoidLogger - INFO - [164184:140394136547392] - --- 正在扫描服务: Local-Upload ---
2026-01-04 23:59:08,617 - VoidLogger - INFO - [164184:140394136547392] - [扫描开始] 服务: Local-Upload (qbittorrent)
2026-01-04 23:59:08,771 - VoidLogger - INFO - [164184:140394136547392] - [扫描] Local-Upload 目录整洁
2026-01-04 23:59:09,857 - VoidLogger - INFO - [164184:140394136547392] - --- 收到信号 2, 正在安全退出... ---
2026-01-04 23:59:09,857 - VoidLogger - INFO - [164184:140394136547392] - ===== 程序已安全停止 =====
2026-01-05 00:00:20,532 - VoidLogger - INFO - [164388:140481444065344] - ===== Void 服务 已启动 =====
2026-01-05 00:00:20,532 - VoidLogger - INFO - [164388:140481444065344] - 模式: 【自动清理】
2026-01-05 00:00:20,533 - VoidLogger - INFO - [164388:140481444065344] - 周期: 每 60 分钟执行一次
2026-01-05 00:00:20,535 - VoidLogger - INFO - [164388:140481444065344] - --- 正在扫描服务: Local-Upload ---
2026-01-05 00:00:20,535 - VoidLogger - INFO - [164388:140481444065344] - [扫描开始] 服务: Local-Upload (qbittorrent)
2026-01-05 00:00:20,673 - VoidLogger - INFO - [164388:140481444065344] - [扫描] Local-Upload 目录整洁
2026-01-05 00:00:22,382 - VoidLogger - INFO - [164388:140481444065344] - --- 收到信号 2, 正在安全退出... ---
2026-01-05 00:00:22,382 - VoidLogger - INFO - [164388:140481444065344] - ===== 程序已安全停止 =====
2026-01-05 00:03:08,012 - VoidLogger - INFO - [164717:140308574912576] - ===== Void 服务 已启动 =====
2026-01-05 00:03:08,013 - VoidLogger - INFO - [164717:140308574912576] - 模式: 【自动清理】
2026-01-05 00:03:08,013 - VoidLogger - INFO - [164717:140308574912576] - 周期: 每 60 分钟执行一次
2026-01-05 00:03:08,014 - VoidLogger - INFO - [164717:140308574912576] - --- 正在扫描服务: Local-Upload ---
2026-01-05 00:03:08,014 - VoidLogger - INFO - [164717:140308574912576] - [扫描开始] 服务: Local-Upload (qbittorrent)
2026-01-05 00:03:08,202 - VoidLogger - INFO - [164717:140308574912576] - [扫描] Local-Upload 目录整洁
2026-01-05 00:04:32,393 - VoidLogger - INFO - [164717:140308574912576] - --- 收到信号 2, 正在安全退出... ---
2026-01-05 00:04:32,393 - VoidLogger - INFO - [164717:140308574912576] - ===== 程序已安全停止 =====
2026-01-05 00:04:33,915 - VoidLogger - INFO - [164949:140588546158656] - ===== Void 服务 已启动 =====
2026-01-05 00:04:33,915 - VoidLogger - INFO - [164949:140588546158656] - 模式: 【自动清理】
2026-01-05 00:04:33,915 - VoidLogger - INFO - [164949:140588546158656] - 周期: 每 60 分钟执行一次
2026-01-05 00:04:33,916 - VoidLogger - INFO - [164949:140588546158656] - --- 正在扫描服务: Local-Upload ---
2026-01-05 00:04:33,917 - VoidLogger - INFO - [164949:140588546158656] - [扫描开始] 服务: Local-Upload (qbittorrent)
2026-01-05 00:04:34,094 - VoidLogger - INFO - [164949:140588546158656] - [删除] 成功: /data/6
2026-01-05 00:04:34,094 - VoidLogger - INFO - [164949:140588546158656] - [删除] 成功: /data/5
2026-01-05 00:04:34,095 - VoidLogger - INFO - [164949:140588546158656] - [删除] 成功: /data/9
2026-01-05 00:04:34,095 - VoidLogger - INFO - [164949:140588546158656] - [删除] 成功: /data/1
2026-01-05 00:04:34,095 - VoidLogger - INFO - [164949:140588546158656] - [删除] 成功: /data/10
2026-01-05 00:04:34,095 - VoidLogger - INFO - [164949:140588546158656] - [删除] 成功: /data/4
2026-01-05 00:04:34,095 - VoidLogger - INFO - [164949:140588546158656] - [删除] 成功: /data/3
2026-01-05 00:04:34,095 - VoidLogger - INFO - [164949:140588546158656] - [删除] 成功: /data/12
2026-01-05 00:04:34,095 - VoidLogger - INFO - [164949:140588546158656] - [删除] 成功: /data/8
2026-01-05 00:04:34,095 - VoidLogger - INFO - [164949:140588546158656] - [删除] 成功: /data/7
2026-01-05 00:04:34,096 - VoidLogger - INFO - [164949:140588546158656] - [删除] 成功: /data/2
2026-01-05 00:04:34,096 - VoidLogger - INFO - [164949:140588546158656] - [删除] 成功: /data/13
2026-01-05 00:04:34,096 - VoidLogger - INFO - [164949:140588546158656] - [删除] 成功: /data/11
2026-01-05 00:04:34,096 - VoidLogger - INFO - [164949:140588546158656] - [发送通知] 正在通过 email 发送报告...
2026-01-05 00:04:34,121 - VoidLogger - ERROR - [164949:140588546158656] - [发送通知] 邮件失败: [Errno -5] No address associated with hostname
2026-01-05 00:04:55,245 - VoidLogger - INFO - [164949:140588546158656] - --- 收到信号 2, 正在安全退出... ---
2026-01-05 00:04:55,246 - VoidLogger - INFO - [164949:140588546158656] - ===== 程序已安全停止 =====
2026-01-05 00:04:55,975 - VoidLogger - INFO - [164996:140716712964160] - ===== Void 服务 已启动 =====
2026-01-05 00:04:55,975 - VoidLogger - INFO - [164996:140716712964160] - 模式: 【自动清理】
2026-01-05 00:04:55,975 - VoidLogger - INFO - [164996:140716712964160] - 周期: 每 60 分钟执行一次
2026-01-05 00:04:55,976 - VoidLogger - INFO - [164996:140716712964160] - --- 正在扫描服务: Local-Upload ---
2026-01-05 00:04:55,976 - VoidLogger - INFO - [164996:140716712964160] - [扫描开始] 服务: Local-Upload (qbittorrent)
2026-01-05 00:04:56,126 - VoidLogger - INFO - [164996:140716712964160] - [扫描] Local-Upload 目录整洁
2026-01-05 00:05:11,967 - VoidLogger - INFO - [164996:140716712964160] - --- 收到信号 2, 正在安全退出... ---
2026-01-05 00:05:11,967 - VoidLogger - INFO - [164996:140716712964160] - ===== 程序已安全停止 =====
2026-01-05 00:05:12,785 - VoidLogger - INFO - [165079:139870313918528] - ===== Void 服务 已启动 =====
2026-01-05 00:05:12,786 - VoidLogger - INFO - [165079:139870313918528] - 模式: 【自动清理】
2026-01-05 00:05:12,786 - VoidLogger - INFO - [165079:139870313918528] - 周期: 每 60 分钟执行一次
2026-01-05 00:05:12,787 - VoidLogger - INFO - [165079:139870313918528] - --- 正在扫描服务: Local-Upload ---
2026-01-05 00:05:12,787 - VoidLogger - INFO - [165079:139870313918528] - [扫描开始] 服务: Local-Upload (qbittorrent)
2026-01-05 00:05:12,964 - VoidLogger - INFO - [165079:139870313918528] - [删除] 成功: /data/13
2026-01-05 00:05:12,965 - VoidLogger - INFO - [165079:139870313918528] - [发送通知] 正在通过 email 发送报告...
2026-01-05 00:05:13,693 - VoidLogger - ERROR - [165079:139870313918528] - [发送通知] 邮件失败: (-1, b'\x00\x00\x00')
2026-01-05 00:07:40,497 - VoidLogger - INFO - [165079:139870313918528] - --- 收到信号 2, 正在安全退出... ---
2026-01-05 00:07:40,498 - VoidLogger - INFO - [165079:139870313918528] - ===== 程序已安全停止 =====
2026-01-05 00:07:41,547 - VoidLogger - INFO - [165160:140409915056192] - ===== Void 服务 已启动 =====
2026-01-05 00:07:41,547 - VoidLogger - INFO - [165160:140409915056192] - 模式: 【自动清理】
2026-01-05 00:07:41,547 - VoidLogger - INFO - [165160:140409915056192] - 周期: 每 60 分钟执行一次
2026-01-05 00:07:41,548 - VoidLogger - INFO - [165160:140409915056192] - --- 正在扫描服务: Local-Upload ---
2026-01-05 00:07:41,548 - VoidLogger - INFO - [165160:140409915056192] - [扫描开始] 服务: Local-Upload (qbittorrent)
2026-01-05 00:07:41,713 - VoidLogger - INFO - [165160:140409915056192] - [删除] 成功: /data/13
2026-01-05 00:07:41,714 - VoidLogger - INFO - [165160:140409915056192] - [发送通知] 正在通过 email 发送报告...
2026-01-05 00:07:42,469 - VoidLogger - ERROR - [165160:140409915056192] - [发送通知] 邮件失败: SMTPResponseException: (-1, b'\x00\x00\x00')
2026-01-05 00:09:24,733 - VoidLogger - INFO - [165160:140409915056192] - --- 收到信号 2, 正在安全退出... ---
2026-01-05 00:09:24,734 - VoidLogger - INFO - [165160:140409915056192] - ===== 程序已安全停止 =====
2026-01-05 00:09:32,360 - VoidLogger - INFO - [165279:140149518581824] - ===== Void 服务 已启动 =====
2026-01-05 00:09:32,361 - VoidLogger - INFO - [165279:140149518581824] - 模式: 【自动清理】
2026-01-05 00:09:32,361 - VoidLogger - INFO - [165279:140149518581824] - 周期: 每 60 分钟执行一次
2026-01-05 00:09:32,362 - VoidLogger - INFO - [165279:140149518581824] - --- 正在扫描服务: Local-Upload ---
2026-01-05 00:09:32,362 - VoidLogger - INFO - [165279:140149518581824] - [扫描开始] 服务: Local-Upload (qbittorrent)
2026-01-05 00:09:32,494 - VoidLogger - INFO - [165279:140149518581824] - [删除] 成功: /data/13
2026-01-05 00:09:32,494 - VoidLogger - INFO - [165279:140149518581824] - [发送通知] 正在通过 email 发送报告...
2026-01-05 00:09:33,142 - VoidLogger - ERROR - [165279:140149518581824] - [发送通知] 邮件失败: SMTPResponseException: (-1, b'\x00\x00\x00')
2026-01-05 00:09:58,017 - VoidLogger - INFO - [165279:140149518581824] - --- 收到信号 2, 正在安全退出... ---
2026-01-05 00:09:58,018 - VoidLogger - INFO - [165279:140149518581824] - ===== 程序已安全停止 =====
2026-01-05 00:11:03,363 - VoidLogger - INFO - [165369:140711549595712] - ===== Void 服务 已启动 =====
2026-01-05 00:11:03,364 - VoidLogger - INFO - [165369:140711549595712] - 模式: 【自动清理】
2026-01-05 00:11:03,364 - VoidLogger - INFO - [165369:140711549595712] - 周期: 每 60 分钟执行一次
2026-01-05 00:11:03,365 - VoidLogger - INFO - [165369:140711549595712] - --- 正在扫描服务: Local-Upload ---
2026-01-05 00:11:03,365 - VoidLogger - INFO - [165369:140711549595712] - [扫描开始] 服务: Local-Upload (qbittorrent)
2026-01-05 00:11:03,523 - VoidLogger - INFO - [165369:140711549595712] - [扫描] Local-Upload 目录整洁
2026-01-05 00:11:05,420 - VoidLogger - INFO - [165369:140711549595712] - --- 收到信号 2, 正在安全退出... ---
2026-01-05 00:11:05,420 - VoidLogger - INFO - [165369:140711549595712] - ===== 程序已安全停止 =====
2026-01-05 00:11:26,217 - VoidLogger - INFO - [165423:140434667077696] - ===== Void 服务 已启动 =====
2026-01-05 00:11:26,218 - VoidLogger - INFO - [165423:140434667077696] - 模式: 【自动清理】
2026-01-05 00:11:26,218 - VoidLogger - INFO - [165423:140434667077696] - 周期: 每 60 分钟执行一次
2026-01-05 00:11:26,220 - VoidLogger - INFO - [165423:140434667077696] - --- 正在扫描服务: Local-Upload ---
2026-01-05 00:11:26,220 - VoidLogger - INFO - [165423:140434667077696] - [扫描开始] 服务: Local-Upload (qbittorrent)
2026-01-05 00:11:26,380 - VoidLogger - INFO - [165423:140434667077696] - [扫描] Local-Upload 目录整洁
2026-01-05 00:11:26,380 - VoidLogger - INFO - [165423:140434667077696] - [发送通知] 正在通过 email 发送报告...
2026-01-05 00:11:27,079 - VoidLogger - WARNING - [165423:140434667077696] - 检测到非标准连接断开 (-1)，但邮件通常已发送成功。
2026-01-05 00:11:46,698 - VoidLogger - INFO - [165423:140434667077696] - --- 收到信号 2, 正在安全退出... ---
2026-01-05 00:11:46,699 - VoidLogger - INFO - [165423:140434667077696] - ===== 程序已安全停止 =====
2026-01-05 00:17:14,089 - VoidLogger - INFO - [165576:140028823965760] - ===== Void 服务 已启动 =====
2026-01-05 00:17:14,090 - VoidLogger - INFO - [165576:140028823965760] - 模式: 【自动清理】
2026-01-05 00:17:14,090 - VoidLogger - INFO - [165576:140028823965760] - 周期: 每 60 分钟执行一次
2026-01-05 00:17:14,092 - VoidLogger - INFO - [165576:140028823965760] - --- 正在扫描服务: Local-Upload ---
2026-01-05 00:17:14,092 - VoidLogger - INFO - [165576:140028823965760] - [扫描开始] 服务: Local-Upload (qbittorrent)
2026-01-05 00:17:14,297 - VoidLogger - INFO - [165576:140028823965760] - [扫描] Local-Upload 目录整洁
2026-01-05 00:17:14,297 - VoidLogger - INFO - [165576:140028823965760] - [发送通知] 正在通过 email 发送报告...
2026-01-05 00:17:14,961 - VoidLogger - INFO - [165576:140028823965760] - [发送通知]邮件通知发送成功
2026-01-05 00:19:24,993 - VoidLogger - INFO - [165576:140028823965760] - --- 收到信号 2, 正在安全退出... ---
2026-01-05 00:19:24,994 - VoidLogger - INFO - [165576:140028823965760] - ===== 程序已安全停止 =====
2026-01-05 00:19:26,047 - VoidLogger - INFO - [165666:140373116325952] - ===== Void 服务 已启动 =====
2026-01-05 00:19:26,047 - VoidLogger - INFO - [165666:140373116325952] - 模式: 【自动清理】
2026-01-05 00:19:26,047 - VoidLogger - INFO - [165666:140373116325952] - 周期: 每 60 分钟执行一次
2026-01-05 00:19:26,049 - VoidLogger - INFO - [165666:140373116325952] - --- 正在扫描服务: Local-Upload ---
2026-01-05 00:19:26,049 - VoidLogger - INFO - [165666:140373116325952] - [扫描开始] 服务: Local-Upload (qbittorrent)
2026-01-05 00:19:26,231 - VoidLogger - INFO - [165666:140373116325952] - [扫描] Local-Upload 目录整洁
2026-01-05 00:19:26,231 - VoidLogger - INFO - [165666:140373116325952] - [发送通知] 正在通过 email 发送报告...
2026-01-05 00:19:26,874 - VoidLogger - INFO - [165666:140373116325952] - [发送通知] 邮件发送成功
2026-01-05 00:20:27,678 - VoidLogger - INFO - [165666:140373116325952] - --- 收到信号 2, 正在安全退出... ---
2026-01-05 00:20:27,679 - VoidLogger - INFO - [165666:140373116325952] - ===== 程序已安全停止 =====
